<?xml version="1.0" encoding="UTF-8"?>
<!-- Generated by org.testng.reporters.JUnitXMLReporter -->
<testsuite ignored="4" hostname="DESKTOP-7MIKM5U" failures="0" tests="2" name="Tes-runner 3t" time="0.306" errors="0" timestamp="2022-03-16T13:56:18 IST">
  <testcase classname="com.crm.autodeskgenericUtility.BaseClass" name="@BeforeClass beforeClass" time="-1.647419178246E9">
    <failure type="org.testng.TestNGException" message="
Parameter &amp;apos;browser&amp;apos; is required by BeforeClass on method beforeClass but has not been marked @Optional or defined
in D:\Automation Selenium\com.crm.autodeskSeleniumFrameWork\DistributedParalleltestng.xml">
      <![CDATA[org.testng.TestNGException: 
Parameter 'browser' is required by BeforeClass on method beforeClass but has not been marked @Optional or defined
in D:\Automation Selenium\com.crm.autodeskSeleniumFrameWork\DistributedParalleltestng.xml
at java.base/java.util.ArrayList.forEach(ArrayList.java:1511)
at java.base/java.util.concurrent.FutureTask.run(FutureTask.java:264)
at java.base/java.util.concurrent.ThreadPoolExecutor.runWorker(ThreadPoolExecutor.java:1136)
at java.base/java.util.concurrent.ThreadPoolExecutor$Worker.run(ThreadPoolExecutor.java:635)
at java.base/java.lang.Thread.run(Thread.java:833)
... Removed 13 stack frames]]>
    </failure>
  </testcase> <!-- @BeforeClass beforeClass -->
  <testcase classname="com.crm.autodeskgenericUtility.BaseClass" name="@BeforeMethod beforeMethod" time="-1.647419178301E9">
    <skipped/>
  </testcase> <!-- @BeforeMethod beforeMethod -->
  <testcase classname="com.crm.autodeskgenericUtility.BaseClass" name="@AfterMethod afterMethod" time="-1.647419178343E9">
    <skipped/>
  </testcase> <!-- @AfterMethod afterMethod -->
  <testcase classname="com.crm.autodeskgenericUtility.BaseClass" name="@AfterClass afterClass" time="-1.647419178352E9">
    <skipped/>
  </testcase> <!-- @AfterClass afterClass -->
  <testcase classname="com.crm.autodeskgenericUtility.BaseClass" name="@BeforeClass beforeClass" time="-1.647419178358E9">
    <failure type="org.testng.TestNGException" message="
Parameter &amp;apos;browser&amp;apos; is required by BeforeClass on method beforeClass but has not been marked @Optional or defined
in D:\Automation Selenium\com.crm.autodeskSeleniumFrameWork\DistributedParalleltestng.xml">
      <![CDATA[org.testng.TestNGException: 
Parameter 'browser' is required by BeforeClass on method beforeClass but has not been marked @Optional or defined
in D:\Automation Selenium\com.crm.autodeskSeleniumFrameWork\DistributedParalleltestng.xml
at java.base/java.util.ArrayList.forEach(ArrayList.java:1511)
at java.base/java.util.concurrent.FutureTask.run(FutureTask.java:264)
at java.base/java.util.concurrent.ThreadPoolExecutor.runWorker(ThreadPoolExecutor.java:1136)
at java.base/java.util.concurrent.ThreadPoolExecutor$Worker.run(ThreadPoolExecutor.java:635)
at java.base/java.lang.Thread.run(Thread.java:833)
... Removed 13 stack frames]]>
    </failure>
  </testcase> <!-- @BeforeClass beforeClass -->
  <testcase classname="com.crm.autodeskgenericUtility.BaseClass" name="@BeforeMethod beforeMethod" time="-1.647419178399E9">
    <skipped/>
  </testcase> <!-- @BeforeMethod beforeMethod -->
  <testcase classname="com.crm.autodeskgenericUtility.BaseClass" name="@AfterMethod afterMethod" time="-1.647419178513E9">
    <skipped/>
  </testcase> <!-- @AfterMethod afterMethod -->
  <testcase classname="com.crm.autodeskgenericUtility.BaseClass" name="@AfterClass afterClass" time="-1.647419178517E9">
    <skipped/>
  </testcase> <!-- @AfterClass afterClass -->
  <testcase classname="com.crm.autodesk.contactTest.CreateContactWithOrganizationTest" name="createContactWithOrganization" time="0.0">
    <skipped/>
  </testcase> <!-- createContactWithOrganization -->
  <testcase classname="com.crm.autodesk.organizationTest.CreateOrganizationTest" name="createOrganization" time="0.0">
    <skipped/>
  </testcase> <!-- createOrganization -->
  <testcase classname="com.crm.autodeskgenericUtility.BaseClass" name="@BeforeTest beforeTest" time="0.0">
    <ignored/>
  </testcase> <!-- @BeforeTest beforeTest -->
  <testcase classname="com.crm.autodeskgenericUtility.BaseClass" name="@AfterSuite afterSuite" time="0.0">
    <ignored/>
  </testcase> <!-- @AfterSuite afterSuite -->
  <testcase classname="com.crm.autodeskgenericUtility.BaseClass" name="@BeforeSuite beforeSuite" time="0.0">
    <ignored/>
  </testcase> <!-- @BeforeSuite beforeSuite -->
  <testcase classname="com.crm.autodeskgenericUtility.BaseClass" name="@AfterTest afterTest" time="0.0">
    <ignored/>
  </testcase> <!-- @AfterTest afterTest -->
</testsuite> <!-- Tes-runner 3t -->
