<?xml version="1.0" encoding="UTF-8"?>
<!-- Generated by org.testng.reporters.JUnitXMLReporter -->
<testsuite ignored="4" hostname="DESKTOP-7MIKM5U" failures="0" tests="2" name="Test-runner 1" time="0.236" errors="0" timestamp="2022-03-16T13:56:18 IST">
  <testcase classname="com.crm.autodeskgenericUtility.BaseClass" name="@BeforeClass beforeClass" time="-1.647419178246E9">
    <failure type="org.testng.TestNGException" message="
Parameter &amp;apos;browser&amp;apos; is required by BeforeClass on method beforeClass but has not been marked @Optional or defined
in D:\Automation Selenium\com.crm.autodeskSeleniumFrameWork\DistributedParalleltestng.xml">
      <![CDATA[org.testng.TestNGException: 
Parameter 'browser' is required by BeforeClass on method beforeClass but has not been marked @Optional or defined
in D:\Automation Selenium\com.crm.autodeskSeleniumFrameWork\DistributedParalleltestng.xml
at java.base/java.util.ArrayList.forEach(ArrayList.java:1511)
at java.base/java.util.concurrent.FutureTask.run(FutureTask.java:264)
at java.base/java.util.concurrent.ThreadPoolExecutor.runWorker(ThreadPoolExecutor.java:1136)
at java.base/java.util.concurrent.ThreadPoolExecutor$Worker.run(ThreadPoolExecutor.java:635)
at java.base/java.lang.Thread.run(Thread.java:833)
... Removed 13 stack frames]]>
    </failure>
  </testcase> <!-- @BeforeClass beforeClass -->
  <testcase classname="com.crm.autodeskgenericUtility.BaseClass" name="@BeforeClass beforeClass" time="-1.647419178246E9">
    <failure type="org.testng.TestNGException" message="
Parameter &amp;apos;browser&amp;apos; is required by BeforeClass on method beforeClass but has not been marked @Optional or defined
in D:\Automation Selenium\com.crm.autodeskSeleniumFrameWork\DistributedParalleltestng.xml">
      <![CDATA[org.testng.TestNGException: 
Parameter 'browser' is required by BeforeClass on method beforeClass but has not been marked @Optional or defined
in D:\Automation Selenium\com.crm.autodeskSeleniumFrameWork\DistributedParalleltestng.xml
at java.base/java.util.ArrayList.forEach(ArrayList.java:1511)
at java.base/java.util.concurrent.FutureTask.run(FutureTask.java:264)
at java.base/java.util.concurrent.ThreadPoolExecutor.runWorker(ThreadPoolExecutor.java:1136)
at java.base/java.util.concurrent.ThreadPoolExecutor$Worker.run(ThreadPoolExecutor.java:635)
at java.base/java.lang.Thread.run(Thread.java:833)
... Removed 13 stack frames]]>
    </failure>
  </testcase> <!-- @BeforeClass beforeClass -->
  <testcase classname="com.crm.autodeskgenericUtility.BaseClass" name="@BeforeMethod beforeMethod" time="-1.647419178311E9">
    <skipped/>
  </testcase> <!-- @BeforeMethod beforeMethod -->
  <testcase classname="com.crm.autodeskgenericUtility.BaseClass" name="@BeforeMethod beforeMethod" time="-1.647419178313E9">
    <skipped/>
  </testcase> <!-- @BeforeMethod beforeMethod -->
  <testcase classname="com.crm.autodeskgenericUtility.BaseClass" name="@AfterMethod afterMethod" time="-1.647419178366E9">
    <skipped/>
  </testcase> <!-- @AfterMethod afterMethod -->
  <testcase classname="com.crm.autodeskgenericUtility.BaseClass" name="@AfterMethod afterMethod" time="-1.647419178355E9">
    <skipped/>
  </testcase> <!-- @AfterMethod afterMethod -->
  <testcase classname="com.crm.autodeskgenericUtility.BaseClass" name="@AfterClass afterClass" time="-1.647419178374E9">
    <skipped/>
  </testcase> <!-- @AfterClass afterClass -->
  <testcase classname="com.crm.autodeskgenericUtility.BaseClass" name="@AfterClass afterClass" time="-1.647419178383E9">
    <skipped/>
  </testcase> <!-- @AfterClass afterClass -->
  <testcase classname="com.crm.autodeskgenericUtility.BaseClass" name="@BeforeClass beforeClass" time="-1.647419178402E9">
    <failure type="org.testng.TestNGException" message="
Parameter &amp;apos;browser&amp;apos; is required by BeforeClass on method beforeClass but has not been marked @Optional or defined
in D:\Automation Selenium\com.crm.autodeskSeleniumFrameWork\DistributedParalleltestng.xml">
      <![CDATA[org.testng.TestNGException: 
Parameter 'browser' is required by BeforeClass on method beforeClass but has not been marked @Optional or defined
in D:\Automation Selenium\com.crm.autodeskSeleniumFrameWork\DistributedParalleltestng.xml
at java.base/java.util.ArrayList.forEach(ArrayList.java:1511)
at java.base/java.util.concurrent.FutureTask.run(FutureTask.java:264)
at java.base/java.util.concurrent.ThreadPoolExecutor.runWorker(ThreadPoolExecutor.java:1136)
at java.base/java.util.concurrent.ThreadPoolExecutor$Worker.run(ThreadPoolExecutor.java:635)
at java.base/java.lang.Thread.run(Thread.java:833)
... Removed 13 stack frames]]>
    </failure>
  </testcase> <!-- @BeforeClass beforeClass -->
  <testcase classname="com.crm.autodeskgenericUtility.BaseClass" name="@BeforeMethod beforeMethod" time="-1.647419178407E9">
    <skipped/>
  </testcase> <!-- @BeforeMethod beforeMethod -->
  <testcase classname="com.crm.autodeskgenericUtility.BaseClass" name="@AfterMethod afterMethod" time="-1.647419178422E9">
    <skipped/>
  </testcase> <!-- @AfterMethod afterMethod -->
  <testcase classname="com.crm.autodeskgenericUtility.BaseClass" name="@BeforeClass beforeClass" time="-1.647419178385E9">
    <failure type="org.testng.TestNGException" message="
Parameter &amp;apos;browser&amp;apos; is required by BeforeClass on method beforeClass but has not been marked @Optional or defined
in D:\Automation Selenium\com.crm.autodeskSeleniumFrameWork\DistributedParalleltestng.xml">
      <![CDATA[org.testng.TestNGException: 
Parameter 'browser' is required by BeforeClass on method beforeClass but has not been marked @Optional or defined
in D:\Automation Selenium\com.crm.autodeskSeleniumFrameWork\DistributedParalleltestng.xml
at java.base/java.util.ArrayList.forEach(ArrayList.java:1511)
at java.base/java.util.concurrent.FutureTask.run(FutureTask.java:264)
at java.base/java.util.concurrent.ThreadPoolExecutor.runWorker(ThreadPoolExecutor.java:1136)
at java.base/java.util.concurrent.ThreadPoolExecutor$Worker.run(ThreadPoolExecutor.java:635)
at java.base/java.lang.Thread.run(Thread.java:833)
... Removed 13 stack frames]]>
    </failure>
  </testcase> <!-- @BeforeClass beforeClass -->
  <testcase classname="com.crm.autodeskgenericUtility.BaseClass" name="@AfterClass afterClass" time="-1.647419178423E9">
    <skipped/>
  </testcase> <!-- @AfterClass afterClass -->
  <testcase classname="com.crm.autodeskgenericUtility.BaseClass" name="@BeforeMethod beforeMethod" time="-1.647419178428E9">
    <skipped/>
  </testcase> <!-- @BeforeMethod beforeMethod -->
  <testcase classname="com.crm.autodeskgenericUtility.BaseClass" name="@AfterMethod afterMethod" time="-1.64741917844E9">
    <skipped/>
  </testcase> <!-- @AfterMethod afterMethod -->
  <testcase classname="com.crm.autodeskgenericUtility.BaseClass" name="@AfterClass afterClass" time="-1.647419178444E9">
    <skipped/>
  </testcase> <!-- @AfterClass afterClass -->
  <testcase classname="com.crm.autodesk.TC04Test.Create_Product_With_Team_SellingTest" name="createProductWithTeamSelling" time="0.0">
    <skipped/>
  </testcase> <!-- createProductWithTeamSelling -->
  <testcase classname="com.crm.autodesk.organizationTest.CreateOrganizationWithIndustryTest" name="createOrganizationWithIndustry" time="0.0">
    <skipped/>
  </testcase> <!-- createOrganizationWithIndustry -->
  <testcase classname="com.crm.autodeskgenericUtility.BaseClass" name="@BeforeTest beforeTest" time="0.0">
    <ignored/>
  </testcase> <!-- @BeforeTest beforeTest -->
  <testcase classname="com.crm.autodeskgenericUtility.BaseClass" name="@AfterSuite afterSuite" time="0.0">
    <ignored/>
  </testcase> <!-- @AfterSuite afterSuite -->
  <testcase classname="com.crm.autodeskgenericUtility.BaseClass" name="@BeforeSuite beforeSuite" time="0.0">
    <ignored/>
  </testcase> <!-- @BeforeSuite beforeSuite -->
  <testcase classname="com.crm.autodeskgenericUtility.BaseClass" name="@AfterTest afterTest" time="0.0">
    <ignored/>
  </testcase> <!-- @AfterTest afterTest -->
</testsuite> <!-- Test-runner 1 -->
